[0.951s] DEBUG:colcon:Command line arguments: ['/usr/bin/colcon', 'build', '--symlink-install']
[0.951s] DEBUG:colcon:Parsed command line arguments: Namespace(log_base=None, log_level=None, verb_name='build', build_base='build', install_base='install', merge_install=False, symlink_install=True, test_result_base=None, continue_on_error=False, executor='parallel', parallel_workers=8, event_handlers=None, ignore_user_meta=False, metas=['./colcon.meta'], base_paths=['.'], packages_ignore=None, packages_ignore_regex=None, paths=None, packages_up_to=None, packages_up_to_regex=None, packages_above=None, packages_above_and_dependencies=None, packages_above_depth=None, packages_select_by_dep=None, packages_skip_by_dep=None, packages_skip_up_to=None, packages_select_build_failed=False, packages_skip_build_finished=False, packages_select_test_failures=False, packages_skip_test_passed=False, packages_select=None, packages_skip=None, packages_select_regex=None, packages_skip_regex=None, packages_start=None, packages_end=None, cmake_args=None, cmake_target=None, cmake_target_skip_unavailable=False, cmake_clean_cache=False, cmake_clean_first=False, cmake_force_configure=False, ament_cmake_args=None, catkin_cmake_args=None, catkin_skip_building_tests=False, mixin_files=None, mixin=None, verb_parser=<colcon_mixin.mixin.mixin_argument.MixinArgumentDecorator object at 0x7fccca938b80>, verb_extension=<colcon_core.verb.build.BuildVerb object at 0x7fccca9383a0>, main=<bound method BuildVerb.main of <colcon_core.verb.build.BuildVerb object at 0x7fccca9383a0>>, mixin_verb=('build',))
[1.289s] Level 1:colcon.colcon_core.package_discovery:discover_packages(colcon_meta) check parameters
[1.289s] Level 1:colcon.colcon_core.package_discovery:discover_packages(recursive) check parameters
[1.289s] Level 1:colcon.colcon_core.package_discovery:discover_packages(ignore) check parameters
[1.289s] Level 1:colcon.colcon_core.package_discovery:discover_packages(path) check parameters
[1.289s] Level 1:colcon.colcon_core.package_discovery:discover_packages(colcon_meta) discover
[1.289s] Level 1:colcon.colcon_core.package_discovery:discover_packages(recursive) discover
[1.289s] INFO:colcon.colcon_core.package_discovery:Crawling recursively for packages in '/home/user/ros_2/src/articubot_one'
[1.289s] Level 1:colcon.colcon_core.package_identification:_identify(.) by extensions ['ignore', 'ignore_ament_install']
[1.289s] Level 1:colcon.colcon_core.package_identification:_identify(.) by extension 'ignore'
[1.289s] Level 1:colcon.colcon_core.package_identification:_identify(.) by extension 'ignore_ament_install'
[1.289s] Level 1:colcon.colcon_core.package_identification:_identify(.) by extensions ['colcon_pkg']
[1.289s] Level 1:colcon.colcon_core.package_identification:_identify(.) by extension 'colcon_pkg'
[1.289s] Level 1:colcon.colcon_core.package_identification:_identify(.) by extensions ['colcon_meta']
[1.289s] Level 1:colcon.colcon_core.package_identification:_identify(.) by extension 'colcon_meta'
[1.290s] Level 1:colcon.colcon_core.package_identification:_identify(.) by extensions ['ros']
[1.290s] Level 1:colcon.colcon_core.package_identification:_identify(.) by extension 'ros'
[1.309s] DEBUG:colcon.colcon_core.package_identification:Package '.' with type 'ros.ament_cmake' and name 'articubot_one'
[1.309s] Level 1:colcon.colcon_core.package_discovery:discover_packages(recursive) using defaults
[1.309s] Level 1:colcon.colcon_core.package_discovery:discover_packages(ignore) discover
[1.309s] Level 1:colcon.colcon_core.package_discovery:discover_packages(ignore) using defaults
[1.309s] Level 1:colcon.colcon_core.package_discovery:discover_packages(path) discover
[1.310s] Level 1:colcon.colcon_core.package_discovery:discover_packages(path) using defaults
[1.347s] Level 5:colcon.colcon_core.verb:set package 'articubot_one' build argument 'cmake_args' from command line to 'None'
[1.347s] Level 5:colcon.colcon_core.verb:set package 'articubot_one' build argument 'cmake_target' from command line to 'None'
[1.347s] Level 5:colcon.colcon_core.verb:set package 'articubot_one' build argument 'cmake_target_skip_unavailable' from command line to 'False'
[1.347s] Level 5:colcon.colcon_core.verb:set package 'articubot_one' build argument 'cmake_clean_cache' from command line to 'False'
[1.347s] Level 5:colcon.colcon_core.verb:set package 'articubot_one' build argument 'cmake_clean_first' from command line to 'False'
[1.347s] Level 5:colcon.colcon_core.verb:set package 'articubot_one' build argument 'cmake_force_configure' from command line to 'False'
[1.347s] Level 5:colcon.colcon_core.verb:set package 'articubot_one' build argument 'ament_cmake_args' from command line to 'None'
[1.347s] Level 5:colcon.colcon_core.verb:set package 'articubot_one' build argument 'catkin_cmake_args' from command line to 'None'
[1.347s] Level 5:colcon.colcon_core.verb:set package 'articubot_one' build argument 'catkin_skip_building_tests' from command line to 'False'
[1.347s] DEBUG:colcon.colcon_core.verb:Building package 'articubot_one' with the following arguments: {'ament_cmake_args': None, 'build_base': '/home/user/ros_2/src/articubot_one/build/articubot_one', 'catkin_cmake_args': None, 'catkin_skip_building_tests': False, 'cmake_args': None, 'cmake_clean_cache': False, 'cmake_clean_first': False, 'cmake_force_configure': False, 'cmake_target': None, 'cmake_target_skip_unavailable': False, 'install_base': '/home/user/ros_2/src/articubot_one/install/articubot_one', 'merge_install': False, 'path': '/home/user/ros_2/src/articubot_one', 'symlink_install': True, 'test_result_base': None}
[1.348s] INFO:colcon.colcon_core.executor:Executing jobs using 'parallel' executor
[1.349s] DEBUG:colcon.colcon_parallel_executor.executor.parallel:run_until_complete
[1.349s] INFO:colcon.colcon_ros.task.ament_cmake.build:Building ROS package in '/home/user/ros_2/src/articubot_one' with build type 'ament_cmake'
[1.349s] INFO:colcon.colcon_cmake.task.cmake.build:Building CMake package in '/home/user/ros_2/src/articubot_one'
[1.359s] INFO:colcon.colcon_core.plugin_system:Skipping extension 'colcon_core.shell.bat': Not used on non-Windows systems
[1.359s] INFO:colcon.colcon_core.shell:Skip shell extension 'powershell' for command environment: Not usable outside of PowerShell
[1.359s] DEBUG:colcon.colcon_core.shell:Skip shell extension 'dsv' for command environment
[1.387s] DEBUG:colcon.colcon_core.event_handler.log_command:Invoking command in '/home/user/ros_2/src/articubot_one/build/articubot_one': CMAKE_PREFIX_PATH=${CMAKE_PREFIX_PATH}:/opt/ros/humble _=/usr/bin/env /usr/bin/cmake /home/user/ros_2/src/articubot_one -DAMENT_CMAKE_SYMLINK_INSTALL=1 -DCMAKE_INSTALL_PREFIX=/home/user/ros_2/src/articubot_one/install/articubot_one
[6.442s] DEBUG:colcon.colcon_core.event_handler.log_command:Invoked command in '/home/user/ros_2/src/articubot_one/build/articubot_one' returned '0': CMAKE_PREFIX_PATH=${CMAKE_PREFIX_PATH}:/opt/ros/humble _=/usr/bin/env /usr/bin/cmake /home/user/ros_2/src/articubot_one -DAMENT_CMAKE_SYMLINK_INSTALL=1 -DCMAKE_INSTALL_PREFIX=/home/user/ros_2/src/articubot_one/install/articubot_one
[6.445s] DEBUG:colcon.colcon_core.event_handler.log_command:Invoking command in '/home/user/ros_2/src/articubot_one/build/articubot_one': CMAKE_PREFIX_PATH=${CMAKE_PREFIX_PATH}:/opt/ros/humble _=/usr/bin/env /usr/bin/cmake --build /home/user/ros_2/src/articubot_one/build/articubot_one -- -j8 -l8
[6.570s] DEBUG:colcon.colcon_core.event_handler.log_command:Invoked command in '/home/user/ros_2/src/articubot_one/build/articubot_one' returned '0': CMAKE_PREFIX_PATH=${CMAKE_PREFIX_PATH}:/opt/ros/humble _=/usr/bin/env /usr/bin/cmake --build /home/user/ros_2/src/articubot_one/build/articubot_one -- -j8 -l8
[6.580s] DEBUG:colcon.colcon_core.event_handler.log_command:Invoking command in '/home/user/ros_2/src/articubot_one/build/articubot_one': CMAKE_PREFIX_PATH=${CMAKE_PREFIX_PATH}:/opt/ros/humble _=/usr/bin/env /usr/bin/cmake --install /home/user/ros_2/src/articubot_one/build/articubot_one
[6.855s] Level 1:colcon.colcon_core.environment:create_environment_scripts_only(articubot_one)
[6.856s] DEBUG:colcon.colcon_core.event_handler.log_command:Invoked command in '/home/user/ros_2/src/articubot_one/build/articubot_one' returned '0': CMAKE_PREFIX_PATH=${CMAKE_PREFIX_PATH}:/opt/ros/humble _=/usr/bin/env /usr/bin/cmake --install /home/user/ros_2/src/articubot_one/build/articubot_one
[6.869s] Level 1:colcon.colcon_core.environment:checking '/home/user/ros_2/src/articubot_one/install/articubot_one' for CMake module files
[6.870s] Level 1:colcon.colcon_core.environment:checking '/home/user/ros_2/src/articubot_one/install/articubot_one' for CMake config files
[6.871s] Level 1:colcon.colcon_core.shell:create_environment_hook('articubot_one', 'cmake_prefix_path')
[6.872s] INFO:colcon.colcon_core.shell:Creating environment hook '/home/user/ros_2/src/articubot_one/install/articubot_one/share/articubot_one/hook/cmake_prefix_path.ps1'
[6.874s] INFO:colcon.colcon_core.shell:Creating environment descriptor '/home/user/ros_2/src/articubot_one/install/articubot_one/share/articubot_one/hook/cmake_prefix_path.dsv'
[6.875s] INFO:colcon.colcon_core.shell:Creating environment hook '/home/user/ros_2/src/articubot_one/install/articubot_one/share/articubot_one/hook/cmake_prefix_path.sh'
[6.877s] Level 1:colcon.colcon_core.environment:checking '/home/user/ros_2/src/articubot_one/install/articubot_one/lib'
[6.877s] Level 1:colcon.colcon_core.environment:checking '/home/user/ros_2/src/articubot_one/install/articubot_one/bin'
[6.878s] Level 1:colcon.colcon_core.environment:checking '/home/user/ros_2/src/articubot_one/install/articubot_one/lib/pkgconfig/articubot_one.pc'
[6.879s] Level 1:colcon.colcon_core.environment:checking '/home/user/ros_2/src/articubot_one/install/articubot_one/lib/python3.10/site-packages'
[6.880s] Level 1:colcon.colcon_core.environment:checking '/home/user/ros_2/src/articubot_one/install/articubot_one/bin'
[6.880s] INFO:colcon.colcon_core.shell:Creating package script '/home/user/ros_2/src/articubot_one/install/articubot_one/share/articubot_one/package.ps1'
[6.882s] INFO:colcon.colcon_core.shell:Creating package descriptor '/home/user/ros_2/src/articubot_one/install/articubot_one/share/articubot_one/package.dsv'
[6.884s] INFO:colcon.colcon_core.shell:Creating package script '/home/user/ros_2/src/articubot_one/install/articubot_one/share/articubot_one/package.sh'
[6.885s] INFO:colcon.colcon_core.shell:Creating package script '/home/user/ros_2/src/articubot_one/install/articubot_one/share/articubot_one/package.bash'
[6.888s] INFO:colcon.colcon_core.shell:Creating package script '/home/user/ros_2/src/articubot_one/install/articubot_one/share/articubot_one/package.zsh'
[6.890s] Level 1:colcon.colcon_core.environment:create_file_with_runtime_dependencies(/home/user/ros_2/src/articubot_one/install/articubot_one/share/colcon-core/packages/articubot_one)
[6.891s] Level 1:colcon.colcon_core.environment:create_environment_scripts_only(articubot_one)
[6.892s] Level 1:colcon.colcon_core.environment:checking '/home/user/ros_2/src/articubot_one/install/articubot_one' for CMake module files
[6.892s] Level 1:colcon.colcon_core.environment:checking '/home/user/ros_2/src/articubot_one/install/articubot_one' for CMake config files
[6.893s] Level 1:colcon.colcon_core.shell:create_environment_hook('articubot_one', 'cmake_prefix_path')
[6.893s] INFO:colcon.colcon_core.shell:Creating environment hook '/home/user/ros_2/src/articubot_one/install/articubot_one/share/articubot_one/hook/cmake_prefix_path.ps1'
[6.894s] INFO:colcon.colcon_core.shell:Creating environment descriptor '/home/user/ros_2/src/articubot_one/install/articubot_one/share/articubot_one/hook/cmake_prefix_path.dsv'
[6.894s] INFO:colcon.colcon_core.shell:Creating environment hook '/home/user/ros_2/src/articubot_one/install/articubot_one/share/articubot_one/hook/cmake_prefix_path.sh'
[6.895s] Level 1:colcon.colcon_core.environment:checking '/home/user/ros_2/src/articubot_one/install/articubot_one/lib'
[6.895s] Level 1:colcon.colcon_core.environment:checking '/home/user/ros_2/src/articubot_one/install/articubot_one/bin'
[6.895s] Level 1:colcon.colcon_core.environment:checking '/home/user/ros_2/src/articubot_one/install/articubot_one/lib/pkgconfig/articubot_one.pc'
[6.895s] Level 1:colcon.colcon_core.environment:checking '/home/user/ros_2/src/articubot_one/install/articubot_one/lib/python3.10/site-packages'
[6.896s] Level 1:colcon.colcon_core.environment:checking '/home/user/ros_2/src/articubot_one/install/articubot_one/bin'
[6.896s] INFO:colcon.colcon_core.shell:Creating package script '/home/user/ros_2/src/articubot_one/install/articubot_one/share/articubot_one/package.ps1'
[6.896s] INFO:colcon.colcon_core.shell:Creating package descriptor '/home/user/ros_2/src/articubot_one/install/articubot_one/share/articubot_one/package.dsv'
[6.897s] INFO:colcon.colcon_core.shell:Creating package script '/home/user/ros_2/src/articubot_one/install/articubot_one/share/articubot_one/package.sh'
[6.897s] INFO:colcon.colcon_core.shell:Creating package script '/home/user/ros_2/src/articubot_one/install/articubot_one/share/articubot_one/package.bash'
[6.898s] INFO:colcon.colcon_core.shell:Creating package script '/home/user/ros_2/src/articubot_one/install/articubot_one/share/articubot_one/package.zsh'
[6.898s] Level 1:colcon.colcon_core.environment:create_file_with_runtime_dependencies(/home/user/ros_2/src/articubot_one/install/articubot_one/share/colcon-core/packages/articubot_one)
[6.899s] DEBUG:colcon.colcon_parallel_executor.executor.parallel:closing loop
[6.899s] DEBUG:colcon.colcon_parallel_executor.executor.parallel:loop closed
[6.900s] DEBUG:colcon.colcon_parallel_executor.executor.parallel:run_until_complete finished with '0'
[6.900s] DEBUG:colcon.colcon_core.event_reactor:joining thread
[7.442s] INFO:colcon.colcon_core.plugin_system:Skipping extension 'colcon_notification.desktop_notification.notify_send': Could not find 'notify-send'
[7.442s] INFO:colcon.colcon_core.plugin_system:Skipping extension 'colcon_notification.desktop_notification.terminal_notifier': Not used on non-Darwin systems
[7.442s] INFO:colcon.colcon_core.plugin_system:Skipping extension 'colcon_notification.desktop_notification.win32': Not used on non-Windows systems
[7.442s] INFO:colcon.colcon_notification.desktop_notification:Sending desktop notification using 'notify2'
[7.446s] DEBUG:colcon.colcon_notification.desktop_notification.notify2:Failed to initialize notify2: org.freedesktop.DBus.Error.Spawn.ExecFailed: /usr/bin/dbus-launch terminated abnormally without any error message
[7.446s] DEBUG:colcon.colcon_core.event_reactor:joined thread
[7.447s] INFO:colcon.colcon_core.shell:Creating prefix script '/home/user/ros_2/src/articubot_one/install/local_setup.ps1'
[7.449s] INFO:colcon.colcon_core.shell:Creating prefix util module '/home/user/ros_2/src/articubot_one/install/_local_setup_util_ps1.py'
[7.452s] INFO:colcon.colcon_core.shell:Creating prefix chain script '/home/user/ros_2/src/articubot_one/install/setup.ps1'
[7.454s] INFO:colcon.colcon_core.shell:Creating prefix script '/home/user/ros_2/src/articubot_one/install/local_setup.sh'
[7.455s] INFO:colcon.colcon_core.shell:Creating prefix util module '/home/user/ros_2/src/articubot_one/install/_local_setup_util_sh.py'
[7.456s] INFO:colcon.colcon_core.shell:Creating prefix chain script '/home/user/ros_2/src/articubot_one/install/setup.sh'
[7.458s] INFO:colcon.colcon_core.shell:Creating prefix script '/home/user/ros_2/src/articubot_one/install/local_setup.bash'
[7.459s] INFO:colcon.colcon_core.shell:Creating prefix chain script '/home/user/ros_2/src/articubot_one/install/setup.bash'
[7.461s] INFO:colcon.colcon_core.shell:Creating prefix script '/home/user/ros_2/src/articubot_one/install/local_setup.zsh'
[7.463s] INFO:colcon.colcon_core.shell:Creating prefix chain script '/home/user/ros_2/src/articubot_one/install/setup.zsh'
