[0.016s] Invoking command in '/home/user/ros_2/src/articubot_one/build/articubot_one': CMAKE_PREFIX_PATH=${CMAKE_PREFIX_PATH}:/home/user/ros2_ws/install/m2020_description:/opt/ros/humble _=/usr/bin/env /usr/bin/cmake --build /home/user/ros_2/src/articubot_one/build/articubot_one -- -j8 -l8
[0.038s] -- Found ament_cmake: 1.3.12 (/opt/ros/humble/share/ament_cmake/cmake)
[0.172s] -- Found ament_lint_auto: 0.12.14 (/opt/ros/humble/share/ament_lint_auto/cmake)
[0.241s] -- Added test 'copyright' to check source files copyright and LICENSE
[0.257s] -- Added test 'cppcheck' to perform static code analysis on C / C++ code
[0.257s] -- Configured cppcheck include dirs: 
[0.257s] -- Configured cppcheck exclude dirs and/or files: 
[0.271s] -- Added test 'cpplint' to check C / C++ code against the Google style
[0.271s] -- Configured cpplint exclude dirs and/or files: 
[0.273s] -- Added test 'flake8' to check Python code syntax and style conventions
[0.277s] -- Added test 'lint_cmake' to check CMake code style
[0.279s] -- Added test 'pep257' to check Python code against some of the docstring style conventions in PEP 257
[0.293s] -- Added test 'uncrustify' to check C / C++ code style
[0.293s] -- Configured uncrustify additional arguments: 
[0.296s] -- Added test 'xmllint' to check XML markup files
[0.298s] -- Configuring done
[0.300s] -- Generating done
[0.302s] -- Build files have been written to: /home/user/ros_2/src/articubot_one/build/articubot_one
[0.322s] Invoked command in '/home/user/ros_2/src/articubot_one/build/articubot_one' returned '0': CMAKE_PREFIX_PATH=${CMAKE_PREFIX_PATH}:/home/user/ros2_ws/install/m2020_description:/opt/ros/humble _=/usr/bin/env /usr/bin/cmake --build /home/user/ros_2/src/articubot_one/build/articubot_one -- -j8 -l8
[0.331s] Invoking command in '/home/user/ros_2/src/articubot_one/build/articubot_one': CMAKE_PREFIX_PATH=${CMAKE_PREFIX_PATH}:/home/user/ros2_ws/install/m2020_description:/opt/ros/humble _=/usr/bin/env /usr/bin/cmake --install /home/user/ros_2/src/articubot_one/build/articubot_one
[0.337s] -- Install configuration: ""
[0.337s] -- Up-to-date: /home/user/ros_2/src/articubot_one/install/articubot_one/share/articubot_one/config
[0.338s] -- Up-to-date: /home/user/ros_2/src/articubot_one/install/articubot_one/share/articubot_one/config/empty.yaml
[0.338s] -- Installing: /home/user/ros_2/src/articubot_one/install/articubot_one/share/articubot_one/config/view_bot.rviz
[0.338s] -- Up-to-date: /home/user/ros_2/src/articubot_one/install/articubot_one/share/articubot_one/description
[0.338s] -- Up-to-date: /home/user/ros_2/src/articubot_one/install/articubot_one/share/articubot_one/description/inertial_macros.xacro
[0.338s] -- Up-to-date: /home/user/ros_2/src/articubot_one/install/articubot_one/share/articubot_one/description/gazebo_control.xacro
[0.338s] -- Installing: /home/user/ros_2/src/articubot_one/install/articubot_one/share/articubot_one/description/robot_core.xacro
[0.338s] -- Installing: /home/user/ros_2/src/articubot_one/install/articubot_one/share/articubot_one/description/robot.urdf.xacro
[0.338s] -- Up-to-date: /home/user/ros_2/src/articubot_one/install/articubot_one/share/articubot_one/launch
[0.338s] -- Up-to-date: /home/user/ros_2/src/articubot_one/install/articubot_one/share/articubot_one/launch/rsp.launch.py
[0.338s] -- Installing: /home/user/ros_2/src/articubot_one/install/articubot_one/share/articubot_one/launch/view_robot.launch.py
[0.339s] -- Up-to-date: /home/user/ros_2/src/articubot_one/install/articubot_one/share/articubot_one/worlds
[0.339s] -- Up-to-date: /home/user/ros_2/src/articubot_one/install/articubot_one/share/articubot_one/worlds/empty.world
[0.339s] -- Up-to-date: /home/user/ros_2/src/articubot_one/install/articubot_one/share/ament_index/resource_index/package_run_dependencies/articubot_one
[0.339s] -- Installing: /home/user/ros_2/src/articubot_one/install/articubot_one/share/ament_index/resource_index/parent_prefix_path/articubot_one
[0.339s] -- Up-to-date: /home/user/ros_2/src/articubot_one/install/articubot_one/share/articubot_one/environment/ament_prefix_path.sh
[0.339s] -- Installing: /home/user/ros_2/src/articubot_one/install/articubot_one/share/articubot_one/environment/ament_prefix_path.dsv
[0.339s] -- Up-to-date: /home/user/ros_2/src/articubot_one/install/articubot_one/share/articubot_one/environment/path.sh
[0.339s] -- Installing: /home/user/ros_2/src/articubot_one/install/articubot_one/share/articubot_one/environment/path.dsv
[0.339s] -- Up-to-date: /home/user/ros_2/src/articubot_one/install/articubot_one/share/articubot_one/local_setup.bash
[0.339s] -- Up-to-date: /home/user/ros_2/src/articubot_one/install/articubot_one/share/articubot_one/local_setup.sh
[0.339s] -- Up-to-date: /home/user/ros_2/src/articubot_one/install/articubot_one/share/articubot_one/local_setup.zsh
[0.339s] -- Installing: /home/user/ros_2/src/articubot_one/install/articubot_one/share/articubot_one/local_setup.dsv
[0.340s] -- Installing: /home/user/ros_2/src/articubot_one/install/articubot_one/share/articubot_one/package.dsv
[0.340s] -- Up-to-date: /home/user/ros_2/src/articubot_one/install/articubot_one/share/ament_index/resource_index/packages/articubot_one
[0.340s] -- Up-to-date: /home/user/ros_2/src/articubot_one/install/articubot_one/share/articubot_one/cmake/articubot_oneConfig.cmake
[0.340s] -- Up-to-date: /home/user/ros_2/src/articubot_one/install/articubot_one/share/articubot_one/cmake/articubot_oneConfig-version.cmake
[0.340s] -- Up-to-date: /home/user/ros_2/src/articubot_one/install/articubot_one/share/articubot_one/package.xml
[0.346s] Invoked command in '/home/user/ros_2/src/articubot_one/build/articubot_one' returned '0': CMAKE_PREFIX_PATH=${CMAKE_PREFIX_PATH}:/home/user/ros2_ws/install/m2020_description:/opt/ros/humble _=/usr/bin/env /usr/bin/cmake --install /home/user/ros_2/src/articubot_one/build/articubot_one
