[0.019s] Invoking command in '/home/user/ros_2/src/articubot_one/build/articubot_one': CMAKE_PREFIX_PATH=${CMAKE_PREFIX_PATH}:/opt/ros/humble _=/usr/bin/env /usr/bin/cmake --build /home/user/ros_2/src/articubot_one/build/articubot_one -- -j8 -l8
[0.070s] Invoked command in '/home/user/ros_2/src/articubot_one/build/articubot_one' returned '0': CMAKE_PREFIX_PATH=${CMAKE_PREFIX_PATH}:/opt/ros/humble _=/usr/bin/env /usr/bin/cmake --build /home/user/ros_2/src/articubot_one/build/articubot_one -- -j8 -l8
[0.083s] Invoking command in '/home/user/ros_2/src/articubot_one/build/articubot_one': CMAKE_PREFIX_PATH=${CMAKE_PREFIX_PATH}:/opt/ros/humble _=/usr/bin/env /usr/bin/cmake --install /home/user/ros_2/src/articubot_one/build/articubot_one
[0.091s] -- Install configuration: ""
[0.092s] -- Execute custom install script
[0.092s] -- Up-to-date symlink: /home/user/ros_2/src/articubot_one/install/articubot_one/share/articubot_one/config/empty.yaml
[0.092s] -- Up-to-date symlink: /home/user/ros_2/src/articubot_one/install/articubot_one/share/articubot_one/config/view_bot.rviz
[0.092s] -- Up-to-date symlink: /home/user/ros_2/src/articubot_one/install/articubot_one/share/articubot_one/description/gazebo_control.xacro
[0.093s] -- Up-to-date symlink: /home/user/ros_2/src/articubot_one/install/articubot_one/share/articubot_one/description/inertial_macros.xacro
[0.093s] -- Up-to-date symlink: /home/user/ros_2/src/articubot_one/install/articubot_one/share/articubot_one/description/robot.urdf.xacro
[0.093s] -- Up-to-date symlink: /home/user/ros_2/src/articubot_one/install/articubot_one/share/articubot_one/description/robot_core.xacro
[0.093s] -- Up-to-date symlink: /home/user/ros_2/src/articubot_one/install/articubot_one/share/articubot_one/launch/arrow_teleop.py
[0.094s] -- Up-to-date symlink: /home/user/ros_2/src/articubot_one/install/articubot_one/share/articubot_one/launch/launch_sim.launch.py
[0.094s] -- Up-to-date symlink: /home/user/ros_2/src/articubot_one/install/articubot_one/share/articubot_one/launch/rsp.launch.py
[0.094s] -- Up-to-date symlink: /home/user/ros_2/src/articubot_one/install/articubot_one/share/articubot_one/launch/view_robt.launch.py
[0.094s] -- Up-to-date symlink: /home/user/ros_2/src/articubot_one/install/articubot_one/share/articubot_one/worlds/empty.world
[0.094s] [31mCMake Error at ament_cmake_symlink_install/ament_cmake_symlink_install.cmake:204 (message):
[0.095s]   ament_cmake_symlink_install_programs() can't find
[0.095s]   '/home/user/ros_2/src/articubot_one/scripts/arrow_teleop.py'
[0.095s] Call Stack (most recent call first):
[0.096s]   ament_cmake_symlink_install/ament_cmake_symlink_install.cmake:317 (ament_cmake_symlink_install_programs)
[0.096s]   cmake_install.cmake:46 (include)
[0.096s] 
[0.097s] [0m
[0.098s] Invoked command in '/home/user/ros_2/src/articubot_one/build/articubot_one' returned '1': CMAKE_PREFIX_PATH=${CMAKE_PREFIX_PATH}:/opt/ros/humble _=/usr/bin/env /usr/bin/cmake --install /home/user/ros_2/src/articubot_one/build/articubot_one
