[0.032s] Invoking command in '/home/user/ros_2/src/articubot_one/build/articubot_one': CMAKE_PREFIX_PATH=/opt/ros/humble _=/usr/bin/env /usr/bin/cmake --build /home/user/ros_2/src/articubot_one/build/articubot_one -- -j8 -l8
[0.274s] Invoked command in '/home/user/ros_2/src/articubot_one/build/articubot_one' returned '0': CMAKE_PREFIX_PATH=/opt/ros/humble _=/usr/bin/env /usr/bin/cmake --build /home/user/ros_2/src/articubot_one/build/articubot_one -- -j8 -l8
[0.284s] Invoking command in '/home/user/ros_2/src/articubot_one/build/articubot_one': CMAKE_PREFIX_PATH=/opt/ros/humble _=/usr/bin/env /usr/bin/cmake --install /home/user/ros_2/src/articubot_one/build/articubot_one
[0.291s] -- Install configuration: ""
[0.292s] -- Up-to-date: /home/user/ros_2/src/articubot_one/install/articubot_one/share/articubot_one/config
[0.292s] -- Up-to-date: /home/user/ros_2/src/articubot_one/install/articubot_one/share/articubot_one/config/empty.yaml
[0.293s] -- Up-to-date: /home/user/ros_2/src/articubot_one/install/articubot_one/share/articubot_one/config/view_bot.rviz
[0.293s] -- Up-to-date: /home/user/ros_2/src/articubot_one/install/articubot_one/share/articubot_one/description
[0.293s] -- Up-to-date: /home/user/ros_2/src/articubot_one/install/articubot_one/share/articubot_one/description/inertial_macros.xacro
[0.293s] -- Up-to-date: /home/user/ros_2/src/articubot_one/install/articubot_one/share/articubot_one/description/gazebo_control.xacro
[0.293s] -- Up-to-date: /home/user/ros_2/src/articubot_one/install/articubot_one/share/articubot_one/description/robot_core.xacro
[0.293s] -- Up-to-date: /home/user/ros_2/src/articubot_one/install/articubot_one/share/articubot_one/description/robot.urdf.xacro
[0.293s] -- Up-to-date: /home/user/ros_2/src/articubot_one/install/articubot_one/share/articubot_one/launch
[0.294s] -- Up-to-date: /home/user/ros_2/src/articubot_one/install/articubot_one/share/articubot_one/launch/rsp.launch.py
[0.294s] -- Up-to-date: /home/user/ros_2/src/articubot_one/install/articubot_one/share/articubot_one/launch/view_robt.launch.py
[0.294s] -- Up-to-date: /home/user/ros_2/src/articubot_one/install/articubot_one/share/articubot_one/launch/launch_sim.launch.py
[0.294s] -- Up-to-date: /home/user/ros_2/src/articubot_one/install/articubot_one/share/articubot_one/worlds
[0.294s] -- Up-to-date: /home/user/ros_2/src/articubot_one/install/articubot_one/share/articubot_one/worlds/empty.world
[0.294s] -- Up-to-date: /home/user/ros_2/src/articubot_one/install/articubot_one/share/ament_index/resource_index/package_run_dependencies/articubot_one
[0.294s] -- Up-to-date: /home/user/ros_2/src/articubot_one/install/articubot_one/share/ament_index/resource_index/parent_prefix_path/articubot_one
[0.294s] -- Up-to-date: /home/user/ros_2/src/articubot_one/install/articubot_one/share/articubot_one/environment/ament_prefix_path.sh
[0.294s] -- Up-to-date: /home/user/ros_2/src/articubot_one/install/articubot_one/share/articubot_one/environment/ament_prefix_path.dsv
[0.294s] -- Up-to-date: /home/user/ros_2/src/articubot_one/install/articubot_one/share/articubot_one/environment/path.sh
[0.295s] -- Up-to-date: /home/user/ros_2/src/articubot_one/install/articubot_one/share/articubot_one/environment/path.dsv
[0.295s] -- Up-to-date: /home/user/ros_2/src/articubot_one/install/articubot_one/share/articubot_one/local_setup.bash
[0.296s] -- Up-to-date: /home/user/ros_2/src/articubot_one/install/articubot_one/share/articubot_one/local_setup.sh
[0.296s] -- Up-to-date: /home/user/ros_2/src/articubot_one/install/articubot_one/share/articubot_one/local_setup.zsh
[0.297s] -- Up-to-date: /home/user/ros_2/src/articubot_one/install/articubot_one/share/articubot_one/local_setup.dsv
[0.297s] -- Installing: /home/user/ros_2/src/articubot_one/install/articubot_one/share/articubot_one/package.dsv
[0.297s] -- Up-to-date: /home/user/ros_2/src/articubot_one/install/articubot_one/share/ament_index/resource_index/packages/articubot_one
[0.297s] -- Up-to-date: /home/user/ros_2/src/articubot_one/install/articubot_one/share/articubot_one/cmake/articubot_oneConfig.cmake
[0.297s] -- Up-to-date: /home/user/ros_2/src/articubot_one/install/articubot_one/share/articubot_one/cmake/articubot_oneConfig-version.cmake
[0.297s] -- Up-to-date: /home/user/ros_2/src/articubot_one/install/articubot_one/share/articubot_one/package.xml
[0.297s] Invoked command in '/home/user/ros_2/src/articubot_one/build/articubot_one' returned '0': CMAKE_PREFIX_PATH=/opt/ros/humble _=/usr/bin/env /usr/bin/cmake --install /home/user/ros_2/src/articubot_one/build/articubot_one
