[0.036s] Invoking command in '/home/user/ros_2/src/articubot_one/build/articubot_one': CMAKE_PREFIX_PATH=${CMAKE_PREFIX_PATH}:/opt/ros/humble _=/usr/bin/env /usr/bin/cmake /home/user/ros_2/src/articubot_one -DAMENT_CMAKE_SYMLINK_INSTALL=1 -DCMAKE_INSTALL_PREFIX=/home/user/ros_2/src/articubot_one/install/articubot_one
[4.114s] -- Found ament_cmake: 1.3.12 (/opt/ros/humble/share/ament_cmake/cmake)
[4.636s] -- Override CMake install command with custom implementation using symlinks instead of copying resources
[4.782s] -- Found ament_lint_auto: 0.12.14 (/opt/ros/humble/share/ament_lint_auto/cmake)
[4.900s] -- Added test 'copyright' to check source files copyright and LICENSE
[4.920s] -- Added test 'cppcheck' to perform static code analysis on C / C++ code
[4.921s] -- Configured cppcheck include dirs: 
[4.921s] -- Configured cppcheck exclude dirs and/or files: 
[4.948s] -- Added test 'cpplint' to check C / C++ code against the Google style
[4.948s] -- Configured cpplint exclude dirs and/or files: 
[4.954s] -- Added test 'flake8' to check Python code syntax and style conventions
[4.960s] -- Added test 'lint_cmake' to check CMake code style
[4.965s] -- Added test 'pep257' to check Python code against some of the docstring style conventions in PEP 257
[4.993s] -- Added test 'uncrustify' to check C / C++ code style
[4.993s] -- Configured uncrustify additional arguments: 
[4.998s] -- Added test 'xmllint' to check XML markup files
[5.002s] -- Configuring done
[5.010s] -- Generating done
[5.013s] -- Build files have been written to: /home/user/ros_2/src/articubot_one/build/articubot_one
[5.091s] Invoked command in '/home/user/ros_2/src/articubot_one/build/articubot_one' returned '0': CMAKE_PREFIX_PATH=${CMAKE_PREFIX_PATH}:/opt/ros/humble _=/usr/bin/env /usr/bin/cmake /home/user/ros_2/src/articubot_one -DAMENT_CMAKE_SYMLINK_INSTALL=1 -DCMAKE_INSTALL_PREFIX=/home/user/ros_2/src/articubot_one/install/articubot_one
[5.094s] Invoking command in '/home/user/ros_2/src/articubot_one/build/articubot_one': CMAKE_PREFIX_PATH=${CMAKE_PREFIX_PATH}:/opt/ros/humble _=/usr/bin/env /usr/bin/cmake --build /home/user/ros_2/src/articubot_one/build/articubot_one -- -j8 -l8
[5.219s] Invoked command in '/home/user/ros_2/src/articubot_one/build/articubot_one' returned '0': CMAKE_PREFIX_PATH=${CMAKE_PREFIX_PATH}:/opt/ros/humble _=/usr/bin/env /usr/bin/cmake --build /home/user/ros_2/src/articubot_one/build/articubot_one -- -j8 -l8
[5.230s] Invoking command in '/home/user/ros_2/src/articubot_one/build/articubot_one': CMAKE_PREFIX_PATH=${CMAKE_PREFIX_PATH}:/opt/ros/humble _=/usr/bin/env /usr/bin/cmake --install /home/user/ros_2/src/articubot_one/build/articubot_one
[5.238s] -- Install configuration: ""
[5.238s] -- Execute custom install script
[5.239s] -- Symlinking: /home/user/ros_2/src/articubot_one/install/articubot_one/share/articubot_one/config/empty.yaml
[5.248s] -- Symlinking: /home/user/ros_2/src/articubot_one/install/articubot_one/share/articubot_one/config/view_bot.rviz
[5.259s] -- Symlinking: /home/user/ros_2/src/articubot_one/install/articubot_one/share/articubot_one/description/gazebo_control.xacro
[5.270s] -- Symlinking: /home/user/ros_2/src/articubot_one/install/articubot_one/share/articubot_one/description/inertial_macros.xacro
[5.287s] -- Symlinking: /home/user/ros_2/src/articubot_one/install/articubot_one/share/articubot_one/description/robot.urdf.xacro
[5.298s] -- Symlinking: /home/user/ros_2/src/articubot_one/install/articubot_one/share/articubot_one/description/robot_core.xacro
[5.314s] -- Symlinking: /home/user/ros_2/src/articubot_one/install/articubot_one/share/articubot_one/launch/launch_sim.launch.py
[5.323s] -- Symlinking: /home/user/ros_2/src/articubot_one/install/articubot_one/share/articubot_one/launch/rsp.launch.py
[5.334s] -- Symlinking: /home/user/ros_2/src/articubot_one/install/articubot_one/share/articubot_one/launch/view_robt.launch.py
[5.345s] -- Symlinking: /home/user/ros_2/src/articubot_one/install/articubot_one/share/articubot_one/worlds/empty.world
[5.354s] -- Symlinking: /home/user/ros_2/src/articubot_one/install/articubot_one/lib/articubot_one/arrow_teleop.py
[5.361s] -- Symlinking: /home/user/ros_2/src/articubot_one/install/articubot_one/share/ament_index/resource_index/package_run_dependencies/articubot_one
[5.369s] -- Symlinking: /home/user/ros_2/src/articubot_one/install/articubot_one/share/ament_index/resource_index/parent_prefix_path/articubot_one
[5.378s] -- Symlinking: /home/user/ros_2/src/articubot_one/install/articubot_one/share/articubot_one/environment/ament_prefix_path.sh
[5.391s] -- Symlinking: /home/user/ros_2/src/articubot_one/install/articubot_one/share/articubot_one/environment/ament_prefix_path.dsv
[5.404s] -- Symlinking: /home/user/ros_2/src/articubot_one/install/articubot_one/share/articubot_one/environment/path.sh
[5.410s] -- Symlinking: /home/user/ros_2/src/articubot_one/install/articubot_one/share/articubot_one/environment/path.dsv
[5.419s] -- Symlinking: /home/user/ros_2/src/articubot_one/install/articubot_one/share/articubot_one/local_setup.bash
[5.427s] -- Symlinking: /home/user/ros_2/src/articubot_one/install/articubot_one/share/articubot_one/local_setup.sh
[5.435s] -- Symlinking: /home/user/ros_2/src/articubot_one/install/articubot_one/share/articubot_one/local_setup.zsh
[5.442s] -- Symlinking: /home/user/ros_2/src/articubot_one/install/articubot_one/share/articubot_one/local_setup.dsv
[5.450s] -- Symlinking: /home/user/ros_2/src/articubot_one/install/articubot_one/share/articubot_one/package.dsv
[5.462s] -- Symlinking: /home/user/ros_2/src/articubot_one/install/articubot_one/share/ament_index/resource_index/packages/articubot_one
[5.469s] -- Symlinking: /home/user/ros_2/src/articubot_one/install/articubot_one/share/articubot_one/cmake/articubot_oneConfig.cmake
[5.479s] -- Symlinking: /home/user/ros_2/src/articubot_one/install/articubot_one/share/articubot_one/cmake/articubot_oneConfig-version.cmake
[5.490s] -- Symlinking: /home/user/ros_2/src/articubot_one/install/articubot_one/share/articubot_one/package.xml
[5.505s] Invoked command in '/home/user/ros_2/src/articubot_one/build/articubot_one' returned '0': CMAKE_PREFIX_PATH=${CMAKE_PREFIX_PATH}:/opt/ros/humble _=/usr/bin/env /usr/bin/cmake --install /home/user/ros_2/src/articubot_one/build/articubot_one
