[0.037s] Invoking command in '/home/user/ros_2/src/articubot_one/build/articubot_one': CMAKE_PREFIX_PATH=${CMAKE_PREFIX_PATH}:/opt/ros/humble _=/usr/bin/env /usr/bin/cmake --build /home/user/ros_2/src/articubot_one/build/articubot_one -- -j8 -l8
[0.082s] Invoked command in '/home/user/ros_2/src/articubot_one/build/articubot_one' returned '0': CMAKE_PREFIX_PATH=${CMAKE_PREFIX_PATH}:/opt/ros/humble _=/usr/bin/env /usr/bin/cmake --build /home/user/ros_2/src/articubot_one/build/articubot_one -- -j8 -l8
[0.097s] Invoking command in '/home/user/ros_2/src/articubot_one/build/articubot_one': CMAKE_PREFIX_PATH=${CMAKE_PREFIX_PATH}:/opt/ros/humble _=/usr/bin/env /usr/bin/cmake --install /home/user/ros_2/src/articubot_one/build/articubot_one
[0.108s] -- Install configuration: ""
[0.108s] -- Execute custom install script
[0.109s] -- Up-to-date symlink: /home/user/ros_2/src/articubot_one/install/articubot_one/share/articubot_one/config/empty.yaml
[0.111s] -- Up-to-date symlink: /home/user/ros_2/src/articubot_one/install/articubot_one/share/articubot_one/config/view_bot.rviz
[0.111s] -- Up-to-date symlink: /home/user/ros_2/src/articubot_one/install/articubot_one/share/articubot_one/description/gazebo_control.xacro
[0.111s] -- Up-to-date symlink: /home/user/ros_2/src/articubot_one/install/articubot_one/share/articubot_one/description/inertial_macros.xacro
[0.111s] -- Up-to-date symlink: /home/user/ros_2/src/articubot_one/install/articubot_one/share/articubot_one/description/robot.urdf.xacro
[0.111s] -- Up-to-date symlink: /home/user/ros_2/src/articubot_one/install/articubot_one/share/articubot_one/description/robot_core.xacro
[0.111s] -- Up-to-date symlink: /home/user/ros_2/src/articubot_one/install/articubot_one/share/articubot_one/launch/launch_sim.launch.py
[0.112s] -- Up-to-date symlink: /home/user/ros_2/src/articubot_one/install/articubot_one/share/articubot_one/launch/rsp.launch.py
[0.112s] -- Up-to-date symlink: /home/user/ros_2/src/articubot_one/install/articubot_one/share/articubot_one/launch/view_robt.launch.py
[0.112s] -- Up-to-date symlink: /home/user/ros_2/src/articubot_one/install/articubot_one/share/articubot_one/worlds/empty.world
[0.112s] -- Up-to-date symlink: /home/user/ros_2/src/articubot_one/install/articubot_one/lib/articubot_one/arrow_teleop.py
[0.113s] -- Up-to-date symlink: /home/user/ros_2/src/articubot_one/install/articubot_one/share/ament_index/resource_index/package_run_dependencies/articubot_one
[0.114s] -- Up-to-date symlink: /home/user/ros_2/src/articubot_one/install/articubot_one/share/ament_index/resource_index/parent_prefix_path/articubot_one
[0.114s] -- Up-to-date symlink: /home/user/ros_2/src/articubot_one/install/articubot_one/share/articubot_one/environment/ament_prefix_path.sh
[0.114s] -- Up-to-date symlink: /home/user/ros_2/src/articubot_one/install/articubot_one/share/articubot_one/environment/ament_prefix_path.dsv
[0.114s] -- Up-to-date symlink: /home/user/ros_2/src/articubot_one/install/articubot_one/share/articubot_one/environment/path.sh
[0.115s] -- Up-to-date symlink: /home/user/ros_2/src/articubot_one/install/articubot_one/share/articubot_one/environment/path.dsv
[0.115s] -- Up-to-date symlink: /home/user/ros_2/src/articubot_one/install/articubot_one/share/articubot_one/local_setup.bash
[0.115s] -- Up-to-date symlink: /home/user/ros_2/src/articubot_one/install/articubot_one/share/articubot_one/local_setup.sh
[0.115s] -- Up-to-date symlink: /home/user/ros_2/src/articubot_one/install/articubot_one/share/articubot_one/local_setup.zsh
[0.115s] -- Up-to-date symlink: /home/user/ros_2/src/articubot_one/install/articubot_one/share/articubot_one/local_setup.dsv
[0.116s] -- Symlinking: /home/user/ros_2/src/articubot_one/install/articubot_one/share/articubot_one/package.dsv
[0.131s] -- Up-to-date symlink: /home/user/ros_2/src/articubot_one/install/articubot_one/share/ament_index/resource_index/packages/articubot_one
[0.131s] -- Up-to-date symlink: /home/user/ros_2/src/articubot_one/install/articubot_one/share/articubot_one/cmake/articubot_oneConfig.cmake
[0.132s] -- Up-to-date symlink: /home/user/ros_2/src/articubot_one/install/articubot_one/share/articubot_one/cmake/articubot_oneConfig-version.cmake
[0.132s] -- Up-to-date symlink: /home/user/ros_2/src/articubot_one/install/articubot_one/share/articubot_one/package.xml
[0.135s] Invoked command in '/home/user/ros_2/src/articubot_one/build/articubot_one' returned '0': CMAKE_PREFIX_PATH=${CMAKE_PREFIX_PATH}:/opt/ros/humble _=/usr/bin/env /usr/bin/cmake --install /home/user/ros_2/src/articubot_one/build/articubot_one
