[0.021s] Invoking command in '/home/user/ros_2/src/articubot_one/build/articubot_one': CMAKE_PREFIX_PATH=${CMAKE_PREFIX_PATH}:/home/user/ros2_ws/install/m2020_description:/opt/ros/humble _=/usr/bin/env /usr/bin/cmake /home/user/ros_2/src/articubot_one -DCMAKE_INSTALL_PREFIX=/home/user/ros_2/src/articubot_one/install/articubot_one
[8.102s] -- The C compiler identification is GNU 11.4.0
[11.454s] -- The CXX compiler identification is GNU 11.4.0
[11.469s] -- Detecting C compiler ABI info
[11.797s] -- Detecting C compiler ABI info - done
[11.809s] -- Check for working C compiler: /usr/bin/cc - skipped
[11.809s] -- Detecting C compile features
[11.881s] -- Detecting C compile features - done
[11.886s] -- Detecting CXX compiler ABI info
[12.193s] -- Detecting CXX compiler ABI info - done
[12.200s] -- Check for working CXX compiler: /usr/bin/c++ - skipped
[12.200s] -- Detecting CXX compile features
[12.201s] -- Detecting CXX compile features - done
[12.211s] -- Found ament_cmake: 1.3.12 (/opt/ros/humble/share/ament_cmake/cmake)
[13.082s] -- Found Python3: /usr/bin/python3 (found version "3.10.12") found components: Interpreter 
[13.253s] -- Found ament_lint_auto: 0.12.14 (/opt/ros/humble/share/ament_lint_auto/cmake)
[13.378s] -- Added test 'copyright' to check source files copyright and LICENSE
[13.387s] -- Added test 'cppcheck' to perform static code analysis on C / C++ code
[13.387s] -- Configured cppcheck include dirs: 
[13.387s] -- Configured cppcheck exclude dirs and/or files: 
[13.395s] -- Added test 'cpplint' to check C / C++ code against the Google style
[13.395s] -- Configured cpplint exclude dirs and/or files: 
[13.397s] -- Added test 'flake8' to check Python code syntax and style conventions
[13.400s] -- Added test 'lint_cmake' to check CMake code style
[13.402s] -- Added test 'pep257' to check Python code against some of the docstring style conventions in PEP 257
[13.411s] -- Added test 'uncrustify' to check C / C++ code style
[13.411s] -- Configured uncrustify additional arguments: 
[13.413s] -- Added test 'xmllint' to check XML markup files
[13.415s] -- Configuring done
[13.419s] -- Generating done
[13.420s] -- Build files have been written to: /home/user/ros_2/src/articubot_one/build/articubot_one
[13.425s] Invoked command in '/home/user/ros_2/src/articubot_one/build/articubot_one' returned '0': CMAKE_PREFIX_PATH=${CMAKE_PREFIX_PATH}:/home/user/ros2_ws/install/m2020_description:/opt/ros/humble _=/usr/bin/env /usr/bin/cmake /home/user/ros_2/src/articubot_one -DCMAKE_INSTALL_PREFIX=/home/user/ros_2/src/articubot_one/install/articubot_one
[13.427s] Invoking command in '/home/user/ros_2/src/articubot_one/build/articubot_one': CMAKE_PREFIX_PATH=${CMAKE_PREFIX_PATH}:/home/user/ros2_ws/install/m2020_description:/opt/ros/humble _=/usr/bin/env /usr/bin/cmake --build /home/user/ros_2/src/articubot_one/build/articubot_one -- -j8 -l8
[13.463s] Invoked command in '/home/user/ros_2/src/articubot_one/build/articubot_one' returned '0': CMAKE_PREFIX_PATH=${CMAKE_PREFIX_PATH}:/home/user/ros2_ws/install/m2020_description:/opt/ros/humble _=/usr/bin/env /usr/bin/cmake --build /home/user/ros_2/src/articubot_one/build/articubot_one -- -j8 -l8
[13.473s] Invoking command in '/home/user/ros_2/src/articubot_one/build/articubot_one': CMAKE_PREFIX_PATH=${CMAKE_PREFIX_PATH}:/home/user/ros2_ws/install/m2020_description:/opt/ros/humble _=/usr/bin/env /usr/bin/cmake --install /home/user/ros_2/src/articubot_one/build/articubot_one
[13.479s] -- Install configuration: ""
[13.479s] -- Installing: /home/user/ros_2/src/articubot_one/install/articubot_one/share/articubot_one/config
[13.480s] -- Installing: /home/user/ros_2/src/articubot_one/install/articubot_one/share/articubot_one/config/empty.yaml
[13.480s] -- Installing: /home/user/ros_2/src/articubot_one/install/articubot_one/share/articubot_one/config/view_bot.rviz
[13.480s] -- Installing: /home/user/ros_2/src/articubot_one/install/articubot_one/share/articubot_one/description
[13.480s] -- Installing: /home/user/ros_2/src/articubot_one/install/articubot_one/share/articubot_one/description/inertial_macros.xacro
[13.480s] -- Installing: /home/user/ros_2/src/articubot_one/install/articubot_one/share/articubot_one/description/robot_core.xacro
[13.480s] -- Installing: /home/user/ros_2/src/articubot_one/install/articubot_one/share/articubot_one/description/robot.urdf.xacro
[13.480s] -- Installing: /home/user/ros_2/src/articubot_one/install/articubot_one/share/articubot_one/launch
[13.480s] -- Installing: /home/user/ros_2/src/articubot_one/install/articubot_one/share/articubot_one/launch/rsp.launch.py
[13.481s] -- Installing: /home/user/ros_2/src/articubot_one/install/articubot_one/share/articubot_one/worlds
[13.481s] -- Installing: /home/user/ros_2/src/articubot_one/install/articubot_one/share/articubot_one/worlds/empty.world
[13.481s] -- Installing: /home/user/ros_2/src/articubot_one/install/articubot_one/share/ament_index/resource_index/package_run_dependencies/articubot_one
[13.482s] -- Installing: /home/user/ros_2/src/articubot_one/install/articubot_one/share/ament_index/resource_index/parent_prefix_path/articubot_one
[13.482s] -- Installing: /home/user/ros_2/src/articubot_one/install/articubot_one/share/articubot_one/environment/ament_prefix_path.sh
[13.482s] -- Installing: /home/user/ros_2/src/articubot_one/install/articubot_one/share/articubot_one/environment/ament_prefix_path.dsv
[13.482s] -- Installing: /home/user/ros_2/src/articubot_one/install/articubot_one/share/articubot_one/environment/path.sh
[13.482s] -- Installing: /home/user/ros_2/src/articubot_one/install/articubot_one/share/articubot_one/environment/path.dsv
[13.483s] -- Installing: /home/user/ros_2/src/articubot_one/install/articubot_one/share/articubot_one/local_setup.bash
[13.483s] -- Installing: /home/user/ros_2/src/articubot_one/install/articubot_one/share/articubot_one/local_setup.sh
[13.483s] -- Installing: /home/user/ros_2/src/articubot_one/install/articubot_one/share/articubot_one/local_setup.zsh
[13.483s] -- Installing: /home/user/ros_2/src/articubot_one/install/articubot_one/share/articubot_one/local_setup.dsv
[13.483s] -- Installing: /home/user/ros_2/src/articubot_one/install/articubot_one/share/articubot_one/package.dsv
[13.483s] -- Installing: /home/user/ros_2/src/articubot_one/install/articubot_one/share/ament_index/resource_index/packages/articubot_one
[13.484s] -- Installing: /home/user/ros_2/src/articubot_one/install/articubot_one/share/articubot_one/cmake/articubot_oneConfig.cmake
[13.484s] -- Installing: /home/user/ros_2/src/articubot_one/install/articubot_one/share/articubot_one/cmake/articubot_oneConfig-version.cmake
[13.484s] -- Installing: /home/user/ros_2/src/articubot_one/install/articubot_one/share/articubot_one/package.xml
[13.486s] Invoked command in '/home/user/ros_2/src/articubot_one/build/articubot_one' returned '0': CMAKE_PREFIX_PATH=${CMAKE_PREFIX_PATH}:/home/user/ros2_ws/install/m2020_description:/opt/ros/humble _=/usr/bin/env /usr/bin/cmake --install /home/user/ros_2/src/articubot_one/build/articubot_one
